Experiment,FormulaNumber,Bound,Tool,Formula,StreamLength,TimeUnit,TimeElapsed,TimeStamp
micro,5.0,16.0,semiring-monitor,x > 0.5 since[16:16] x > 0,1000000000.0,ms,22214.0,2021-02-13 17:13:41.746204-06:00
micro,1.0,128.0,lattice-monitor,once[128:128] x > 0.5,10000000.0,ms,3824.18203354,2021-02-13 17:25:01.718362-06:00
micro,3.0,16.0,semiring-monitor,once[16:] x > 0.5,1000000000.0,ms,9172.0,2021-02-13 17:12:29.895053-06:00
micro,0.0,4096.0,Reelay,once[0:4096] {x > 0.5},10000000.0,ms,3710.0,2021-02-13 18:41:42.919740-06:00
micro,3.0,16384.0,lattice-monitor,once[16384:] x > 0.5,10000000.0,ms,1507287.24003,2021-02-13 20:53:02.536022-06:00
micro,4.0,128.0,semiring-monitor,x > 0.5 since[0:128] x > 0,1000000000.0,ms,32830.0,2021-02-13 17:26:28.407286-06:00
micro,0.0,512.0,Reelay,once[0:512] {x > 0.5},10000000.0,ms,3480.0,2021-02-13 17:36:14.963918-06:00
micro,3.0,64.0,Reelay,once[64:] {x > 0.5},10000000.0,ms,2002.0,2021-02-13 17:21:11.836290-06:00
micro,2.0,16384.0,lattice-monitor,once[16384:32768] x > 0.5,10000000.0,ms,1615058.37011,2021-02-13 20:25:50.583266-06:00
micro,7.0,16384.0,semiring-monitor,x > 0.5 since[16384:] x > 0,1000000000.0,ms,32973.0,2021-02-13 22:38:59.071532-06:00
micro,2.0,64.0,semiring-monitor,once[64:128] x > 0.5,1000000000.0,ms,14210.0,2021-02-13 17:20:55.135482-06:00
micro,2.0,32.0,semiring-monitor,once[32:64] x > 0.5,1000000000.0,ms,13795.0,2021-02-13 18:02:49.527260-06:00
micro,2.0,2048.0,Reelay,once[2048:4096] {x > 0.5},10000000.0,ms,3678.0,2021-02-13 18:33:26.279867-06:00
micro,4.0,64.0,lattice-monitor,x > 0 since[0:64] x > 0.5,10000000.0,ms,2385.48922539,2021-02-13 18:07:05.197142-06:00
micro,7.0,32.0,lattice-monitor,x > 0 since[32:] x > 0.5,10000000.0,ms,3586.07888222,2021-02-13 17:19:18.584116-06:00
micro,6.0,2048.0,Reelay,{x > 0.0} since[2048:4096] {x > 0.5},10000000.0,ms,12770.0,2021-02-13 18:38:43.299114-06:00
micro,0.0,1024.0,semiring-monitor,once[0:1024] x > 0.5,1000000000.0,ms,14163.0,2021-02-13 18:23:46.861339-06:00
micro,6.0,512.0,lattice-monitor,x > 0 since[512:1024] x > 0.5,10000000.0,ms,18983.9191437,2021-02-13 17:42:32.447576-06:00
micro,6.0,128.0,semiring-monitor,x > 0.5 since[128:256] x > 0,1000000000.0,ms,39571.0,2021-02-13 17:28:25.790328-06:00
micro,4.0,1024.0,lattice-monitor,x > 0 since[0:1024] x > 0.5,10000000.0,ms,2760.65611839,2021-02-13 18:26:10.398490-06:00
micro,0.0,16384.0,semiring-monitor,once[0:16384] x > 0.5,1000000000.0,ms,13326.0,2021-02-13 19:58:45.622318-06:00
micro,2.0,32.0,lattice-monitor,once[32:64] x > 0.5,10000000.0,ms,2193.73607635,2021-02-13 17:16:23.109532-06:00
micro,4.0,512.0,semiring-monitor,x > 0.5 since[0:512] x > 0,1000000000.0,ms,31406.0,2021-02-13 18:20:21.257082-06:00
micro,3.0,64.0,lattice-monitor,once[64:] x > 0.5,10000000.0,ms,2366.90187454,2021-02-13 18:06:52.113708-06:00
micro,3.0,512.0,lattice-monitor,once[512:] x > 0.5,10000000.0,ms,13913.8109684,2021-02-13 17:38:59.898050-06:00
micro,6.0,2048.0,semiring-monitor,x > 0.5 since[2048:4096] x > 0,1000000000.0,ms,41712.0,2021-02-13 18:38:56.080203-06:00
micro,4.0,512.0,Reelay,{x > 0.0} since[0:512] {x > 0.5},10000000.0,ms,9572.0,2021-02-13 18:20:11.675499-06:00
micro,7.0,256.0,semiring-monitor,x > 0.5 since[256:] x > 0,1000000000.0,ms,33064.0,2021-02-13 17:35:40.767992-06:00
micro,6.0,16.0,semiring-monitor,x > 0.5 since[16:32] x > 0,1000000000.0,ms,39552.0,2021-02-13 18:00:48.821419-06:00
micro,1.0,32768.0,lattice-monitor,once[32768:32768] x > 0.5,10000000.0,ms,5201606.75311,2021-02-13 22:39:50.831485-06:00
micro,1.0,16.0,semiring-monitor,once[16:16] x > 0.5,1000000000.0,ms,6070.0,2021-02-13 17:12:00.661381-06:00
micro,1.0,8192.0,lattice-monitor,once[8192:8192] x > 0.5,10000000.0,ms,497405.912161,2021-02-13 19:03:38.539801-06:00
micro,7.0,1024.0,Reelay,{x > 0.0} since[1024:] {x > 0.5},10000000.0,ms,10484.0,2021-02-13 18:29:55.377783-06:00
micro,4.0,32.0,Reelay,{x > 0.0} since[0:32] {x > 0.5},10000000.0,ms,9692.0,2021-02-13 17:16:57.683258-06:00
micro,2.0,8192.0,Reelay,once[8192:16384] {x > 0.5},10000000.0,ms,3599.0,2021-02-13 19:20:52.272776-06:00
micro,7.0,64.0,lattice-monitor,x > 0 since[64:] x > 0.5,10000000.0,ms,4492.9702282,2021-02-13 18:09:11.418454-06:00
micro,6.0,1024.0,lattice-monitor,x > 0 since[1024:2048] x > 0.5,10000000.0,ms,34712.5041485,2021-02-13 17:55:58.114124-06:00
micro,0.0,128.0,Reelay,once[0:128] {x > 0.5},10000000.0,ms,3622.0,2021-02-13 17:24:43.993539-06:00
micro,4.0,32.0,lattice-monitor,x > 0 since[0:32] x > 0.5,10000000.0,ms,2427.46710777,2021-02-13 17:16:55.253386-06:00
micro,7.0,64.0,semiring-monitor,x > 0.5 since[64:] x > 0,1000000000.0,ms,33724.0,2021-02-13 18:09:26.152903-06:00
micro,1.0,2048.0,semiring-monitor,once[2048:2048] x > 0.5,1000000000.0,ms,6175.0,2021-02-13 18:32:08.056568-06:00
micro,1.0,64.0,lattice-monitor,once[64:64] x > 0.5,10000000.0,ms,2147.77803421,2021-02-13 17:20:25.908039-06:00
micro,2.0,256.0,lattice-monitor,once[256:512] x > 0.5,10000000.0,ms,8411.67593002,2021-02-13 17:31:19.483842-06:00
micro,3.0,128.0,lattice-monitor,once[128:] x > 0.5,10000000.0,ms,4139.77885246,2021-02-13 17:26:00.305549-06:00
micro,5.0,64.0,Reelay,{x > 0.0} since[64:64] {x > 0.5},10000000.0,ms,22604.0,2021-02-13 17:22:13.616194-06:00
micro,4.0,32.0,lattice-monitor,x > 0 since[0:32] x > 0.5,10000000.0,ms,2432.61098862,2021-02-13 18:03:15.569530-06:00
micro,1.0,256.0,semiring-monitor,once[256:256] x > 0.5,1000000000.0,ms,6051.0,2021-02-13 18:14:32.370580-06:00
micro,0.0,16.0,Reelay,once[0:16] {x > 0.5},10000000.0,ms,3450.0,2021-02-13 17:11:37.848763-06:00
micro,3.0,128.0,lattice-monitor,once[128:] x > 0.5,10000000.0,ms,4037.56690025,2021-02-13 18:10:50.353286-06:00
micro,7.0,128.0,lattice-monitor,x > 0 since[128:] x > 0.5,10000000.0,ms,6081.55703545,2021-02-13 18:13:17.918415-06:00
micro,6.0,512.0,semiring-monitor,x > 0.5 since[512:1024] x > 0,1000000000.0,ms,38318.0,2021-02-13 18:22:03.096338-06:00
micro,0.0,32.0,Reelay,once[0:32] {x > 0.5},10000000.0,ms,3620.0,2021-02-13 18:02:18.211712-06:00
micro,3.0,32.0,Reelay,once[32:] {x > 0.5},10000000.0,ms,1930.0,2021-02-13 18:03:04.891447-06:00
micro,2.0,64.0,Reelay,once[64:128] {x > 0.5},10000000.0,ms,3473.0,2021-02-13 18:06:34.930441-06:00
micro,0.0,8192.0,Reelay,once[0:8192] {x > 0.5},10000000.0,ms,3702.0,2021-02-13 19:03:20.673404-06:00
micro,0.0,512.0,Reelay,once[0:512] {x > 0.5},10000000.0,ms,3463.0,2021-02-13 18:18:35.317932-06:00
micro,2.0,1024.0,semiring-monitor,once[1024:2048] x > 0.5,1000000000.0,ms,14263.0,2021-02-13 18:25:14.169046-06:00
micro,1.0,256.0,semiring-monitor,once[256:256] x > 0.5,1000000000.0,ms,6230.0,2021-02-13 17:31:13.250929-06:00
micro,4.0,8192.0,lattice-monitor,x > 0 since[0:8192] x > 0.5,10000000.0,ms,3322.89099693,2021-02-13 19:29:49.459444-06:00
micro,1.0,1024.0,Reelay,once[1024:1024] {x > 0.5},10000000.0,ms,218989.0,2021-02-13 17:45:29.049602-06:00
micro,3.0,64.0,lattice-monitor,once[64:] x > 0.5,10000000.0,ms,2484.98296738,2021-02-13 17:21:09.349054-06:00
micro,5.0,512.0,semiring-monitor,x > 0.5 since[512:512] x > 0,1000000000.0,ms,21300.0,2021-02-13 17:42:11.144893-06:00
micro,5.0,256.0,Reelay,{x > 0.0} since[256:256] {x > 0.5},10000000.0,ms,57316.0,2021-02-13 17:33:00.948309-06:00
micro,3.0,16.0,semiring-monitor,once[16:] x > 0.5,1000000000.0,ms,8909.0,2021-02-13 17:59:11.993936-06:00
micro,2.0,512.0,lattice-monitor,once[512:1024] x > 0.5,10000000.0,ms,14764.7800446,2021-02-13 18:19:12.369245-06:00
micro,2.0,64.0,Reelay,once[64:128] {x > 0.5},10000000.0,ms,3600.0,2021-02-13 17:20:51.525274-06:00
micro,4.0,32.0,semiring-monitor,x > 0.5 since[0:32] x > 0,1000000000.0,ms,31833.0,2021-02-13 17:17:07.385436-06:00
micro,4.0,1024.0,Reelay,{x > 0.0} since[0:1024] {x > 0.5},10000000.0,ms,9766.0,2021-02-13 17:50:47.254647-06:00
micro,6.0,32.0,lattice-monitor,x > 0 since[32:64] x > 0.5,10000000.0,ms,5273.86593819,2021-02-13 17:18:21.462340-06:00
micro,0.0,256.0,lattice-monitor,once[0:256] x > 0.5,10000000.0,ms,1153.39303017,2021-02-13 17:29:57.254323-06:00
micro,0.0,32.0,Reelay,once[0:32] {x > 0.5},10000000.0,ms,3673.0,2021-02-13 17:15:49.696729-06:00
micro,0.0,64.0,Reelay,once[0:64] {x > 0.5},10000000.0,ms,3691.0,2021-02-13 18:06:06.644317-06:00
micro,7.0,16.0,lattice-monitor,x > 0 since[16:] x > 0.5,10000000.0,ms,3179.38709259,2021-02-13 17:15:00.167097-06:00
micro,3.0,1024.0,lattice-monitor,once[1024:] x > 0.5,10000000.0,ms,30781.4519405,2021-02-13 18:25:28.434861-06:00
micro,3.0,512.0,Reelay,once[512:] {x > 0.5},10000000.0,ms,1952.0,2021-02-13 17:39:13.814184-06:00
micro,3.0,32.0,lattice-monitor,once[32:] x > 0.5,10000000.0,ms,1572.41296768,2021-02-13 17:16:42.851325-06:00
micro,5.0,32.0,lattice-monitor,x > 0 since[32:32] x > 0.5,10000000.0,ms,4379.03094292,2021-02-13 17:17:39.221338-06:00
micro,7.0,1024.0,lattice-monitor,x > 0 since[1024:] x > 0.5,10000000.0,ms,33060.874939,2021-02-13 17:57:23.136651-06:00
micro,2.0,4096.0,Reelay,once[4096:8192] {x > 0.5},10000000.0,ms,3425.0,2021-02-13 18:48:27.583779-06:00
micro,7.0,32.0,Reelay,{x > 0.0} since[32:] {x > 0.5},10000000.0,ms,10576.0,2021-02-13 17:19:22.172528-06:00
micro,7.0,16384.0,lattice-monitor,x > 0 since[16384:] x > 0.5,10000000.0,ms,1597515.84697,2021-02-13 22:12:11.624382-06:00
micro,1.0,1024.0,semiring-monitor,once[1024:1024] x > 0.5,1000000000.0,ms,6233.0,2021-02-13 17:49:08.049258-06:00
micro,6.0,4096.0,semiring-monitor,x > 0.5 since[4096:8192] x > 0,1000000000.0,ms,38526.0,2021-02-13 18:58:58.244227-06:00
micro,1.0,32768.0,semiring-monitor,once[32768:32768] x > 0.5,1000000000.0,ms,5926.0,2021-02-14 00:06:32.442429-06:00
micro,1.0,512.0,Reelay,once[512:512] {x > 0.5},10000000.0,ms,96261.0,2021-02-13 17:36:45.618056-06:00
micro,4.0,16.0,semiring-monitor,x > 0.5 since[0:16] x > 0,1000000000.0,ms,32429.0,2021-02-13 17:59:33.120662-06:00
micro,6.0,128.0,semiring-monitor,x > 0.5 since[128:256] x > 0,1000000000.0,ms,40890.0,2021-02-13 18:12:37.026098-06:00
micro,6.0,64.0,semiring-monitor,x > 0.5 since[64:128] x > 0,1000000000.0,ms,37969.0,2021-02-13 17:23:16.262888-06:00
micro,0.0,128.0,Reelay,once[0:128] {x > 0.5},10000000.0,ms,3487.0,2021-02-13 18:10:00.962511-06:00
micro,0.0,512.0,lattice-monitor,once[0:512] x > 0.5,10000000.0,ms,1124.47690964,2021-02-13 18:18:34.191091-06:00
micro,4.0,32.0,semiring-monitor,x > 0.5 since[0:32] x > 0,1000000000.0,ms,31614.0,2021-02-13 18:03:27.597873-06:00
micro,7.0,512.0,semiring-monitor,x > 0.5 since[512:] x > 0,1000000000.0,ms,32782.0,2021-02-13 17:44:08.840732-06:00
micro,5.0,8192.0,lattice-monitor,x > 0 since[8192:8192] x > 0.5,10000000.0,ms,526778.01609,2021-02-13 19:30:35.556066-06:00
micro,0.0,2048.0,Reelay,once[0:2048] {x > 0.5},10000000.0,ms,3662.0,2021-02-13 18:30:41.469688-06:00
micro,3.0,32.0,Reelay,once[32:] {x > 0.5},10000000.0,ms,1964.0,2021-02-13 17:16:44.426024-06:00
micro,7.0,64.0,lattice-monitor,x > 0 since[64:] x > 0.5,10000000.0,ms,4402.59099007,2021-02-13 17:23:54.234520-06:00
micro,6.0,256.0,lattice-monitor,x > 0 since[256:512] x > 0.5,10000000.0,ms,11951.3101578,2021-02-13 17:34:19.209841-06:00
micro,3.0,512.0,lattice-monitor,once[512:] x > 0.5,10000000.0,ms,14122.2989559,2021-02-13 18:19:44.267000-06:00
micro,4.0,16.0,lattice-monitor,x > 0 since[0:16] x > 0.5,10000000.0,ms,2518.33701134,2021-02-13 17:59:20.905225-06:00
micro,5.0,16384.0,lattice-monitor,x > 0 since[16384:16384] x > 0.5,10000000.0,ms,1559239.92896,2021-02-13 21:19:05.228973-06:00
micro,4.0,128.0,Reelay,{x > 0.0} since[0:128] {x > 0.5},10000000.0,ms,9627.0,2021-02-13 18:11:07.530564-06:00
micro,5.0,128.0,lattice-monitor,x > 0 since[128:128] x > 0.5,10000000.0,ms,7433.74800682,2021-02-13 17:27:01.239544-06:00
micro,5.0,16384.0,semiring-monitor,x > 0.5 since[16384:16384] x > 0,1000000000.0,ms,21228.0,2021-02-13 21:45:04.472787-06:00
micro,6.0,32.0,semiring-monitor,x > 0.5 since[32:64] x > 0,1000000000.0,ms,39547.0,2021-02-13 17:18:39.034631-06:00
micro,6.0,1024.0,Reelay,{x > 0.0} since[1024:2048] {x > 0.5},10000000.0,ms,11938.0,2021-02-13 17:56:32.828941-06:00
micro,3.0,16.0,lattice-monitor,once[16:] x > 0.5,10000000.0,ms,1165.78292847,2021-02-13 17:59:08.871773-06:00
micro,0.0,4096.0,semiring-monitor,once[0:4096] x > 0.5,1000000000.0,ms,14499.0,2021-02-13 18:41:46.640102-06:00
micro,0.0,128.0,semiring-monitor,once[0:128] x > 0.5,1000000000.0,ms,13629.0,2021-02-13 18:10:04.460241-06:00
micro,6.0,256.0,Reelay,{x > 0.0} since[256:512] {x > 0.5},10000000.0,ms,11724.0,2021-02-13 17:34:31.163458-06:00
micro,3.0,512.0,semiring-monitor,once[512:] x > 0.5,1000000000.0,ms,8807.0,2021-02-13 18:20:00.359582-06:00
micro,0.0,512.0,semiring-monitor,once[0:512] x > 0.5,1000000000.0,ms,13570.0,2021-02-13 17:36:18.454508-06:00
micro,5.0,16.0,semiring-monitor,x > 0.5 since[16:16] x > 0,1000000000.0,ms,22051.0,2021-02-13 18:00:09.635272-06:00
micro,1.0,32.0,semiring-monitor,once[32:32] x > 0.5,1000000000.0,ms,6246.0,2021-02-13 18:02:37.328927-06:00
micro,3.0,8192.0,lattice-monitor,once[8192:] x > 0.5,10000000.0,ms,508036.705971,2021-02-13 19:21:10.055219-06:00
micro,6.0,16384.0,Reelay,{x > 0.0} since[16384:32768] {x > 0.5},10000000.0,ms,11607.0,2021-02-13 22:11:22.071108-06:00
micro,5.0,2048.0,semiring-monitor,x > 0.5 since[2048:2048] x > 0,1000000000.0,ms,21688.0,2021-02-13 18:37:04.391534-06:00
micro,4.0,128.0,lattice-monitor,x > 0 since[0:128] x > 0.5,10000000.0,ms,2634.23418999,2021-02-13 17:26:15.744755-06:00
micro,7.0,8192.0,semiring-monitor,x > 0.5 since[8192:] x > 0,1000000000.0,ms,32530.0,2021-02-13 19:58:07.740466-06:00
micro,3.0,256.0,lattice-monitor,once[256:] x > 0.5,10000000.0,ms,7281.20589256,2021-02-13 18:15:03.826425-06:00
micro,3.0,1024.0,lattice-monitor,once[1024:] x > 0.5,10000000.0,ms,29916.5229797,2021-02-13 17:50:03.569624-06:00
micro,7.0,512.0,lattice-monitor,x > 0 since[512:] x > 0.5,10000000.0,ms,16706.4249516,2021-02-13 18:22:41.417374-06:00
micro,2.0,16.0,lattice-monitor,once[16:32] x > 0.5,10000000.0,ms,1720.97206116,2021-02-13 17:58:49.566853-06:00
micro,2.0,1024.0,Reelay,once[1024:2048] {x > 0.5},10000000.0,ms,3865.0,2021-02-13 18:25:10.294564-06:00
micro,0.0,512.0,lattice-monitor,once[0:512] x > 0.5,10000000.0,ms,1127.02083588,2021-02-13 17:36:13.834596-06:00
micro,4.0,1024.0,lattice-monitor,x > 0 since[0:1024] x > 0.5,10000000.0,ms,2749.63712692,2021-02-13 17:50:44.502609-06:00
micro,1.0,256.0,lattice-monitor,once[256:256] x > 0.5,10000000.0,ms,6954.37908173,2021-02-13 18:14:25.413923-06:00
micro,2.0,16.0,Reelay,once[16:32] {x > 0.5},10000000.0,ms,3667.0,2021-02-13 17:12:08.506067-06:00
micro,2.0,256.0,Reelay,once[256:512] {x > 0.5},10000000.0,ms,3607.0,2021-02-13 17:31:27.897663-06:00
micro,7.0,8192.0,Reelay,{x > 0.0} since[8192:] {x > 0.5},10000000.0,ms,9952.0,2021-02-13 19:57:57.778655-06:00
micro,1.0,128.0,Reelay,once[128:128] {x > 0.5},10000000.0,ms,25682.0,2021-02-13 17:25:05.544803-06:00
micro,2.0,1024.0,Reelay,once[1024:2048] {x > 0.5},10000000.0,ms,3513.0,2021-02-13 17:49:46.260845-06:00
micro,4.0,128.0,semiring-monitor,x > 0.5 since[0:128] x > 0,1000000000.0,ms,31726.0,2021-02-13 18:11:17.167368-06:00
micro,7.0,8192.0,lattice-monitor,x > 0 since[8192:] x > 0.5,10000000.0,ms,521580.536127,2021-02-13 19:49:16.195177-06:00
micro,5.0,256.0,semiring-monitor,x > 0.5 since[256:256] x > 0,1000000000.0,ms,20932.0,2021-02-13 17:33:58.274860-06:00
micro,6.0,4096.0,lattice-monitor,x > 0 since[4096:8192] x > 0.5,10000000.0,ms,178480.403185,2021-02-13 18:55:48.021791-06:00
micro,3.0,128.0,semiring-monitor,once[128:] x > 0.5,1000000000.0,ms,8774.0,2021-02-13 18:10:56.330206-06:00
micro,4.0,64.0,lattice-monitor,x > 0 since[0:64] x > 0.5,10000000.0,ms,2492.70510674,2021-02-13 17:21:22.933339-06:00
micro,2.0,2048.0,semiring-monitor,once[2048:4096] x > 0.5,1000000000.0,ms,14049.0,2021-02-13 18:33:29.968385-06:00
micro,2.0,16384.0,Reelay,once[16384:32768] {x > 0.5},10000000.0,ms,3452.0,2021-02-13 20:52:45.645537-06:00
micro,3.0,8192.0,Reelay,once[8192:] {x > 0.5},10000000.0,ms,2000.0,2021-02-13 19:29:38.094674-06:00
micro,7.0,4096.0,lattice-monitor,x > 0 since[4096:] x > 0.5,10000000.0,ms,177937.990189,2021-02-13 18:59:36.772455-06:00
micro,4.0,16.0,semiring-monitor,x > 0.5 since[0:16] x > 0,1000000000.0,ms,32679.0,2021-02-13 17:12:51.591862-06:00
micro,2.0,16.0,semiring-monitor,once[16:32] x > 0.5,1000000000.0,ms,14375.0,2021-02-13 17:12:12.183662-06:00
micro,4.0,128.0,Reelay,{x > 0.0} since[0:128] {x > 0.5},10000000.0,ms,10011.0,2021-02-13 17:26:18.381200-06:00
micro,3.0,32.0,lattice-monitor,once[32:] x > 0.5,10000000.0,ms,1563.85803223,2021-02-13 18:03:03.325236-06:00
micro,2.0,16.0,lattice-monitor,once[16:32] x > 0.5,10000000.0,ms,1770.04504204,2021-02-13 17:12:06.733901-06:00
micro,2.0,16384.0,semiring-monitor,once[16384:32768] x > 0.5,1000000000.0,ms,13420.0,2021-02-13 20:52:49.113624-06:00
micro,2.0,4096.0,lattice-monitor,once[4096:8192] x > 0.5,10000000.0,ms,190185.572863,2021-02-13 18:45:17.395532-06:00
micro,3.0,16384.0,semiring-monitor,once[16384:] x > 0.5,1000000000.0,ms,8681.0,2021-02-13 21:18:11.757778-06:00
micro,2.0,256.0,semiring-monitor,once[256:512] x > 0.5,1000000000.0,ms,13688.0,2021-02-13 18:14:50.136302-06:00
micro,4.0,16384.0,semiring-monitor,x > 0.5 since[0:16384] x > 0,1000000000.0,ms,31881.0,2021-02-13 21:18:33.344878-06:00
micro,7.0,128.0,Reelay,{x > 0.0} since[128:] {x > 0.5},10000000.0,ms,10516.0,2021-02-13 17:29:11.846982-06:00
micro,3.0,1024.0,semiring-monitor,once[1024:] x > 0.5,1000000000.0,ms,9019.0,2021-02-13 17:50:35.481158-06:00
micro,2.0,1024.0,semiring-monitor,once[1024:2048] x > 0.5,1000000000.0,ms,13783.0,2021-02-13 17:49:49.784746-06:00
micro,1.0,32.0,Reelay,once[32:32] {x > 0.5},10000000.0,ms,8132.0,2021-02-13 17:16:08.696735-06:00
micro,6.0,4096.0,Reelay,{x > 0.0} since[4096:8192] {x > 0.5},10000000.0,ms,11729.0,2021-02-13 18:58:46.505004-06:00
micro,1.0,32.0,lattice-monitor,once[32:32] x > 0.5,10000000.0,ms,1237.89095879,2021-02-13 17:16:07.456524-06:00
micro,3.0,512.0,Reelay,once[512:] {x > 0.5},10000000.0,ms,1958.0,2021-02-13 18:19:58.391700-06:00
micro,5.0,32.0,semiring-monitor,x > 0.5 since[32:32] x > 0,1000000000.0,ms,21814.0,2021-02-13 17:17:59.646287-06:00
micro,1.0,8192.0,semiring-monitor,once[8192:8192] x > 0.5,1000000000.0,ms,6224.0,2021-02-13 19:11:55.948385-06:00
micro,6.0,32.0,semiring-monitor,x > 0.5 since[32:64] x > 0,1000000000.0,ms,37745.0,2021-02-13 18:04:41.340241-06:00
micro,0.0,16.0,semiring-monitor,once[0:16] x > 0.5,1000000000.0,ms,13679.0,2021-02-13 17:11:41.308928-06:00
micro,5.0,64.0,semiring-monitor,x > 0.5 since[64:64] x > 0,1000000000.0,ms,21897.0,2021-02-13 17:22:36.230602-06:00
micro,2.0,32768.0,lattice-monitor,once[32768:65536] x > 0.5,10000000.0,ms,5527479.50697,2021-02-14 00:06:38.371080-06:00
micro,6.0,64.0,Reelay,{x > 0.0} since[64:128] {x > 0.5},10000000.0,ms,12023.0,2021-02-13 18:08:21.045556-06:00
micro,1.0,1024.0,semiring-monitor,once[1024:1024] x > 0.5,1000000000.0,ms,6237.0,2021-02-13 18:24:32.096106-06:00
micro,5.0,128.0,Reelay,{x > 0.0} since[128:128] {x > 0.5},10000000.0,ms,33951.0,2021-02-13 17:27:08.675859-06:00
micro,5.0,128.0,semiring-monitor,x > 0.5 since[128:128] x > 0,1000000000.0,ms,21271.0,2021-02-13 18:11:56.157378-06:00
micro,2.0,512.0,semiring-monitor,once[512:1024] x > 0.5,1000000000.0,ms,13645.0,2021-02-13 17:38:46.250873-06:00
micro,3.0,32.0,semiring-monitor,once[32:] x > 0.5,1000000000.0,ms,8851.0,2021-02-13 17:16:46.399903-06:00
micro,6.0,32.0,lattice-monitor,x > 0 since[32:64] x > 0.5,10000000.0,ms,5072.87096977,2021-02-13 18:04:24.519753-06:00
micro,0.0,1024.0,Reelay,once[0:1024] {x > 0.5},10000000.0,ms,3611.0,2021-02-13 18:23:43.240473-06:00
micro,0.0,32768.0,Reelay,once[0:32768] {x > 0.5},10000000.0,ms,3435.0,2021-02-13 22:39:34.068170-06:00
micro,7.0,256.0,Reelay,{x > 0.0} since[256:] {x > 0.5},10000000.0,ms,10410.0,2021-02-13 18:17:49.983779-06:00
micro,7.0,16.0,semiring-monitor,x > 0.5 since[16:] x > 0,1000000000.0,ms,35105.0,2021-02-13 18:01:41.966686-06:00
micro,3.0,256.0,Reelay,once[256:] {x > 0.5},10000000.0,ms,2005.0,2021-02-13 17:31:53.231420-06:00
micro,6.0,256.0,semiring-monitor,x > 0.5 since[256:512] x > 0,1000000000.0,ms,38980.0,2021-02-13 18:17:00.701596-06:00
micro,4.0,16.0,lattice-monitor,x > 0 since[0:16] x > 0.5,10000000.0,ms,2557.60812759,2021-02-13 17:12:39.069661-06:00
micro,1.0,16.0,semiring-monitor,once[16:16] x > 0.5,1000000000.0,ms,6099.0,2021-02-13 17:58:43.465422-06:00
micro,4.0,256.0,Reelay,{x > 0.0} since[0:256] {x > 0.5},10000000.0,ms,9607.0,2021-02-13 18:15:24.233495-06:00
micro,2.0,4096.0,semiring-monitor,once[4096:8192] x > 0.5,1000000000.0,ms,13410.0,2021-02-13 18:48:31.019030-06:00
micro,3.0,2048.0,Reelay,once[2048:] {x > 0.5},10000000.0,ms,2013.0,2021-02-13 18:34:52.741441-06:00
micro,2.0,64.0,lattice-monitor,once[64:128] x > 0.5,10000000.0,ms,2944.96893883,2021-02-13 18:06:31.983116-06:00
micro,4.0,1024.0,Reelay,{x > 0.0} since[0:1024] {x > 0.5},10000000.0,ms,9993.0,2021-02-13 18:26:13.161649-06:00
micro,7.0,4096.0,Reelay,{x > 0.0} since[4096:] {x > 0.5},10000000.0,ms,10028.0,2021-02-13 19:02:34.712978-06:00
micro,7.0,16.0,Reelay,{x > 0.0} since[16:] {x > 0.5},10000000.0,ms,10443.0,2021-02-13 18:01:31.514222-06:00
micro,1.0,32.0,lattice-monitor,once[32:32] x > 0.5,10000000.0,ms,1232.05018044,2021-02-13 18:02:36.094537-06:00
micro,5.0,32.0,lattice-monitor,x > 0 since[32:32] x > 0.5,10000000.0,ms,4355.51810265,2021-02-13 18:03:59.214441-06:00
micro,2.0,32.0,Reelay,once[32:64] {x > 0.5},10000000.0,ms,3677.0,2021-02-13 18:02:45.840046-06:00
micro,6.0,512.0,Reelay,{x > 0.0} since[512:1024] {x > 0.5},10000000.0,ms,11902.0,2021-02-13 17:42:51.433862-06:00
micro,2.0,128.0,Reelay,once[128:256] {x > 0.5},10000000.0,ms,3601.0,2021-02-13 18:10:32.554588-06:00
micro,4.0,16.0,Reelay,{x > 0.0} since[0:16] {x > 0.5},10000000.0,ms,9685.0,2021-02-13 17:59:23.425897-06:00
micro,6.0,128.0,Reelay,{x > 0.0} since[128:256] {x > 0.5},10000000.0,ms,11672.0,2021-02-13 18:12:25.343754-06:00
micro,2.0,256.0,Reelay,once[256:512] {x > 0.5},10000000.0,ms,3519.0,2021-02-13 18:14:46.607291-06:00
micro,1.0,128.0,lattice-monitor,once[128:128] x > 0.5,10000000.0,ms,3671.15306854,2021-02-13 18:10:18.091858-06:00
micro,7.0,2048.0,semiring-monitor,x > 0.5 since[2048:] x > 0,1000000000.0,ms,35749.0,2021-02-13 18:41:05.496718-06:00
micro,7.0,128.0,semiring-monitor,x > 0.5 since[128:] x > 0,1000000000.0,ms,34879.0,2021-02-13 17:29:22.373044-06:00
micro,2.0,64.0,semiring-monitor,once[64:128] x > 0.5,1000000000.0,ms,13697.0,2021-02-13 18:06:38.413763-06:00
micro,1.0,256.0,Reelay,once[256:256] {x > 0.5},10000000.0,ms,49763.0,2021-02-13 17:30:23.477320-06:00
micro,2.0,512.0,lattice-monitor,once[512:1024] x > 0.5,10000000.0,ms,14855.4649353,2021-02-13 17:38:27.898485-06:00
micro,7.0,1024.0,semiring-monitor,x > 0.5 since[1024:] x > 0,1000000000.0,ms,34145.0,2021-02-13 18:30:05.871479-06:00
micro,7.0,2048.0,lattice-monitor,x > 0 since[2048:] x > 0.5,10000000.0,ms,76887.9289627,2021-02-13 18:39:37.794834-06:00
micro,1.0,1024.0,lattice-monitor,once[1024:1024] x > 0.5,10000000.0,ms,31067.3480034,2021-02-13 18:24:01.026410-06:00
micro,1.0,32.0,semiring-monitor,once[32:32] x > 0.5,1000000000.0,ms,6267.0,2021-02-13 17:16:16.839801-06:00
micro,7.0,16.0,Reelay,{x > 0.0} since[16:] {x > 0.5},10000000.0,ms,10477.0,2021-02-13 17:15:03.348875-06:00
micro,4.0,32.0,Reelay,{x > 0.0} since[0:32] {x > 0.5},10000000.0,ms,9583.0,2021-02-13 18:03:18.004535-06:00
micro,6.0,32.0,Reelay,{x > 0.0} since[32:64] {x > 0.5},10000000.0,ms,11735.0,2021-02-13 18:04:29.595034-06:00
micro,0.0,32768.0,lattice-monitor,once[0:32768] x > 0.5,10000000.0,ms,2017.09604263,2021-02-13 22:39:32.047274-06:00
micro,6.0,32.0,Reelay,{x > 0.0} since[32:64] {x > 0.5},10000000.0,ms,12286.0,2021-02-13 17:18:26.738441-06:00
micro,4.0,256.0,semiring-monitor,x > 0.5 since[0:256] x > 0,1000000000.0,ms,32696.0,2021-02-13 17:32:17.031570-06:00
micro,7.0,2048.0,Reelay,{x > 0.0} since[2048:] {x > 0.5},10000000.0,ms,10800.0,2021-02-13 18:40:54.684992-06:00
micro,7.0,128.0,Reelay,{x > 0.0} since[128:] {x > 0.5},10000000.0,ms,10192.0,2021-02-13 18:13:24.002358-06:00
micro,1.0,512.0,lattice-monitor,once[512:512] x > 0.5,10000000.0,ms,13868.6170578,2021-02-13 18:18:52.431187-06:00
micro,4.0,512.0,lattice-monitor,x > 0 since[0:512] x > 0.5,10000000.0,ms,2504.2860508,2021-02-13 18:20:09.168737-06:00
micro,7.0,64.0,semiring-monitor,x > 0.5 since[64:] x > 0,1000000000.0,ms,34155.0,2021-02-13 17:24:08.686141-06:00
micro,7.0,256.0,semiring-monitor,x > 0.5 since[256:] x > 0,1000000000.0,ms,33784.0,2021-02-13 18:18:00.404208-06:00
micro,0.0,64.0,lattice-monitor,once[0:64] x > 0.5,10000000.0,ms,1116.54782295,2021-02-13 17:20:07.097691-06:00
micro,0.0,1024.0,lattice-monitor,once[0:1024] x > 0.5,10000000.0,ms,1265.34605026,2021-02-13 18:23:41.972995-06:00
micro,1.0,16384.0,lattice-monitor,once[16384:16384] x > 0.5,10000000.0,ms,1605740.95798,2021-02-13 19:58:58.950617-06:00
micro,0.0,1024.0,Reelay,once[0:1024] {x > 0.5},10000000.0,ms,3463.0,2021-02-13 17:44:42.838512-06:00
micro,6.0,256.0,Reelay,{x > 0.0} since[256:512] {x > 0.5},10000000.0,ms,11676.0,2021-02-13 18:16:49.015600-06:00
micro,4.0,8192.0,Reelay,{x > 0.0} since[0:8192] {x > 0.5},10000000.0,ms,10142.0,2021-02-13 19:29:52.785117-06:00
micro,7.0,256.0,lattice-monitor,x > 0 since[256:] x > 0.5,10000000.0,ms,9898.35500717,2021-02-13 17:35:20.839580-06:00
micro,3.0,256.0,semiring-monitor,once[256:] x > 0.5,1000000000.0,ms,9066.0,2021-02-13 17:31:55.247932-06:00
micro,3.0,128.0,Reelay,once[128:] {x > 0.5},10000000.0,ms,1927.0,2021-02-13 18:10:54.393289-06:00
micro,6.0,1024.0,semiring-monitor,x > 0.5 since[1024:2048] x > 0,1000000000.0,ms,38357.0,2021-02-13 17:56:44.777511-06:00
micro,3.0,1024.0,semiring-monitor,once[1024:] x > 0.5,1000000000.0,ms,9112.0,2021-02-13 18:26:01.283796-06:00
micro,2.0,256.0,semiring-monitor,once[256:512] x > 0.5,1000000000.0,ms,14137.0,2021-02-13 17:31:31.514782-06:00
micro,1.0,512.0,lattice-monitor,once[512:512] x > 0.5,10000000.0,ms,13588.1848335,2021-02-13 17:36:32.027480-06:00
micro,6.0,128.0,lattice-monitor,x > 0 since[128:256] x > 0.5,10000000.0,ms,7910.25710106,2021-02-13 18:12:17.431026-06:00
micro,3.0,16384.0,Reelay,once[16384:] {x > 0.5},10000000.0,ms,1921.0,2021-02-13 21:18:09.826279-06:00
micro,4.0,16.0,Reelay,{x > 0.0} since[0:16] {x > 0.5},10000000.0,ms,9952.0,2021-02-13 17:12:41.629769-06:00
micro,5.0,16.0,lattice-monitor,x > 0 since[16:16] x > 0.5,10000000.0,ms,4072.5851059,2021-02-13 17:13:24.273483-06:00
micro,5.0,512.0,Reelay,{x > 0.0} since[512:512] {x > 0.5},10000000.0,ms,105333.0,2021-02-13 17:40:25.801554-06:00
micro,7.0,64.0,Reelay,{x > 0.0} since[64:] {x > 0.5},10000000.0,ms,10229.0,2021-02-13 18:09:15.913619-06:00
micro,6.0,64.0,semiring-monitor,x > 0.5 since[64:128] x > 0,1000000000.0,ms,38337.0,2021-02-13 18:08:33.078442-06:00
micro,5.0,1024.0,lattice-monitor,x > 0 since[1024:1024] x > 0.5,10000000.0,ms,35381.1130524,2021-02-13 18:26:55.855099-06:00
micro,6.0,16384.0,lattice-monitor,x > 0 since[16384:32768] x > 0.5,10000000.0,ms,1556362.94913,2021-02-13 21:45:25.703561-06:00
micro,5.0,256.0,lattice-monitor,x > 0 since[256:256] x > 0.5,10000000.0,ms,10764.1370296,2021-02-13 18:16:05.314596-06:00
micro,5.0,1024.0,semiring-monitor,x > 0.5 since[1024:1024] x > 0,1000000000.0,ms,21198.0,2021-02-13 17:55:36.913252-06:00
micro,1.0,128.0,semiring-monitor,once[128:128] x > 0.5,1000000000.0,ms,6028.0,2021-02-13 18:10:21.765297-06:00
micro,2.0,128.0,lattice-monitor,once[128:256] x > 0.5,10000000.0,ms,4828.23300362,2021-02-13 17:25:37.454438-06:00
micro,6.0,512.0,Reelay,{x > 0.0} since[512:1024] {x > 0.5},10000000.0,ms,11823.0,2021-02-13 18:21:51.263412-06:00
micro,5.0,128.0,lattice-monitor,x > 0 since[128:128] x > 0.5,10000000.0,ms,7259.08184052,2021-02-13 18:11:48.895848-06:00
micro,4.0,16384.0,lattice-monitor,x > 0 since[0:16384] x > 0.5,10000000.0,ms,3437.80207634,2021-02-13 21:18:20.440845-06:00
micro,5.0,8192.0,semiring-monitor,x > 0.5 since[8192:8192] x > 0,1000000000.0,ms,22233.0,2021-02-13 19:39:22.336824-06:00
micro,3.0,4096.0,Reelay,once[4096:] {x > 0.5},10000000.0,ms,1920.0,2021-02-13 18:51:33.163490-06:00
micro,3.0,256.0,lattice-monitor,once[256:] x > 0.5,10000000.0,ms,7574.67508316,2021-02-13 17:31:45.654633-06:00
micro,2.0,512.0,semiring-monitor,once[512:1024] x > 0.5,1000000000.0,ms,13667.0,2021-02-13 18:19:30.597468-06:00
micro,7.0,16.0,semiring-monitor,x > 0.5 since[16:] x > 0,1000000000.0,ms,34731.0,2021-02-13 17:15:13.836074-06:00
micro,7.0,32.0,semiring-monitor,x > 0.5 since[32:] x > 0,1000000000.0,ms,33018.0,2021-02-13 18:05:32.559032-06:00
micro,7.0,16.0,lattice-monitor,x > 0 since[16:] x > 0.5,10000000.0,ms,3136.02995872,2021-02-13 18:01:28.375488-06:00
micro,4.0,2048.0,lattice-monitor,x > 0 since[0:2048] x > 0.5,10000000.0,ms,2994.40407753,2021-02-13 18:35:03.823886-06:00
micro,5.0,512.0,semiring-monitor,x > 0.5 since[512:512] x > 0,1000000000.0,ms,21155.0,2021-02-13 18:21:10.465259-06:00
micro,6.0,16.0,lattice-monitor,x > 0 since[16:32] x > 0.5,10000000.0,ms,4803.84516716,2021-02-13 18:00:31.689003-06:00
micro,1.0,1024.0,lattice-monitor,once[1024:1024] x > 0.5,10000000.0,ms,29206.8910599,2021-02-13 17:44:59.840298-06:00
micro,4.0,8192.0,semiring-monitor,x > 0.5 since[0:8192] x > 0,1000000000.0,ms,32615.0,2021-02-13 19:30:02.938600-06:00
micro,0.0,32768.0,semiring-monitor,once[0:32768] x > 0.5,1000000000.0,ms,13316.0,2021-02-13 22:39:37.512960-06:00
micro,0.0,64.0,Reelay,once[0:64] {x > 0.5},10000000.0,ms,3600.0,2021-02-13 17:20:08.216553-06:00
micro,0.0,32.0,lattice-monitor,once[0:32] x > 0.5,10000000.0,ms,1124.92179871,2021-02-13 17:15:48.569555-06:00
micro,4.0,2048.0,semiring-monitor,x > 0.5 since[0:2048] x > 0,1000000000.0,ms,33132.0,2021-02-13 18:35:16.834834-06:00
micro,5.0,16.0,lattice-monitor,x > 0 since[16:16] x > 0.5,10000000.0,ms,4080.42287827,2021-02-13 18:00:05.552517-06:00
micro,7.0,512.0,semiring-monitor,x > 0.5 since[512:] x > 0,1000000000.0,ms,33650.0,2021-02-13 18:23:08.321060-06:00
micro,2.0,128.0,Reelay,once[128:256] {x > 0.5},10000000.0,ms,3613.0,2021-02-13 17:25:42.284769-06:00
micro,1.0,64.0,lattice-monitor,once[64:64] x > 0.5,10000000.0,ms,2031.00609779,2021-02-13 18:06:23.953450-06:00
micro,7.0,128.0,lattice-monitor,x > 0 since[128:] x > 0.5,10000000.0,ms,6481.46104813,2021-02-13 17:29:05.363255-06:00
micro,6.0,16.0,Reelay,{x > 0.0} since[16:32] {x > 0.5},10000000.0,ms,12199.0,2021-02-13 17:14:08.753151-06:00
micro,4.0,2048.0,Reelay,{x > 0.0} since[0:2048] {x > 0.5},10000000.0,ms,10004.0,2021-02-13 18:35:06.820501-06:00
micro,2.0,32768.0,Reelay,once[32768:65536] {x > 0.5},10000000.0,ms,3472.0,2021-02-14 01:38:45.855705-06:00
micro,1.0,64.0,semiring-monitor,once[64:64] x > 0.5,1000000000.0,ms,6341.0,2021-02-13 17:20:42.116220-06:00
micro,1.0,16.0,Reelay,once[16:16] {x > 0.5},10000000.0,ms,4888.0,2021-02-13 17:11:55.763116-06:00
micro,6.0,256.0,semiring-monitor,x > 0.5 since[256:512] x > 0,1000000000.0,ms,37938.0,2021-02-13 17:34:42.898621-06:00
micro,6.0,2048.0,lattice-monitor,x > 0 since[2048:4096] x > 0.5,10000000.0,ms,77215.0480747,2021-02-13 18:37:26.081667-06:00
micro,3.0,16.0,lattice-monitor,once[16:] x > 0.5,10000000.0,ms,1208.08386803,2021-02-13 17:12:26.561178-06:00
micro,6.0,64.0,lattice-monitor,x > 0 since[64:128] x > 0.5,10000000.0,ms,6192.01397896,2021-02-13 17:22:58.129701-06:00
micro,4.0,512.0,lattice-monitor,x > 0 since[0:512] x > 0.5,10000000.0,ms,2512.8891468,2021-02-13 17:39:24.585276-06:00
micro,5.0,64.0,lattice-monitor,x > 0 since[64:64] x > 0.5,10000000.0,ms,5342.60606766,2021-02-13 18:07:48.656554-06:00
micro,6.0,16.0,lattice-monitor,x > 0 since[16:32] x > 0.5,10000000.0,ms,4788.06710243,2021-02-13 17:14:03.962696-06:00
micro,5.0,16.0,Reelay,{x > 0.0} since[16:16] {x > 0.5},10000000.0,ms,13387.0,2021-02-13 17:13:28.348277-06:00
micro,7.0,128.0,semiring-monitor,x > 0.5 since[128:] x > 0,1000000000.0,ms,33149.0,2021-02-13 18:13:34.204486-06:00
micro,3.0,128.0,Reelay,once[128:] {x > 0.5},10000000.0,ms,2015.0,2021-02-13 17:26:04.447624-06:00
micro,0.0,256.0,lattice-monitor,once[0:256] x > 0.5,10000000.0,ms,1087.50700951,2021-02-13 18:14:07.355769-06:00
micro,5.0,1024.0,semiring-monitor,x > 0.5 since[1024:1024] x > 0,1000000000.0,ms,22051.0,2021-02-13 18:27:31.238476-06:00
micro,5.0,1024.0,lattice-monitor,x > 0 since[1024:1024] x > 0.5,10000000.0,ms,33581.9830894,2021-02-13 17:51:28.801621-06:00
micro,7.0,256.0,Reelay,{x > 0.0} since[256:] {x > 0.5},10000000.0,ms,10017.0,2021-02-13 17:35:30.740401-06:00
micro,3.0,128.0,semiring-monitor,once[128:] x > 0.5,1000000000.0,ms,9270.0,2021-02-13 17:26:06.472472-06:00
micro,6.0,128.0,lattice-monitor,x > 0 since[128:256] x > 0.5,10000000.0,ms,8335.81709862,2021-02-13 17:28:05.233561-06:00
micro,3.0,2048.0,semiring-monitor,once[2048:] x > 0.5,1000000000.0,ms,9057.0,2021-02-13 18:34:54.764219-06:00
micro,0.0,4096.0,lattice-monitor,once[0:4096] x > 0.5,10000000.0,ms,1669.87395287,2021-02-13 18:41:41.247694-06:00
micro,6.0,16.0,semiring-monitor,x > 0.5 since[16:32] x > 0,1000000000.0,ms,39202.0,2021-02-13 17:14:20.962864-06:00
micro,0.0,256.0,Reelay,once[0:256] {x > 0.5},10000000.0,ms,3446.0,2021-02-13 18:14:08.445635-06:00
micro,1.0,16384.0,semiring-monitor,once[16384:16384] x > 0.5,1000000000.0,ms,5886.0,2021-02-13 20:25:44.694790-06:00
micro,2.0,16.0,semiring-monitor,once[16:32] x > 0.5,1000000000.0,ms,14060.0,2021-02-13 17:58:54.808837-06:00
micro,7.0,1024.0,lattice-monitor,x > 0 since[1024:] x > 0.5,10000000.0,ms,34078.4349442,2021-02-13 18:29:21.297123-06:00
micro,1.0,128.0,semiring-monitor,once[128:128] x > 0.5,1000000000.0,ms,6215.0,2021-02-13 17:25:31.237251-06:00
micro,2.0,8192.0,lattice-monitor,once[8192:16384] x > 0.5,10000000.0,ms,530094.66815,2021-02-13 19:12:02.175249-06:00
micro,1.0,512.0,semiring-monitor,once[512:512] x > 0.5,1000000000.0,ms,6006.0,2021-02-13 17:38:21.889827-06:00
micro,5.0,512.0,lattice-monitor,x > 0 since[512:512] x > 0.5,10000000.0,ms,17796.8418598,2021-02-13 18:20:52.665886-06:00
micro,5.0,4096.0,semiring-monitor,x > 0.5 since[4096:4096] x > 0,1000000000.0,ms,21191.0,2021-02-13 18:55:26.827818-06:00
micro,0.0,1024.0,lattice-monitor,once[0:1024] x > 0.5,10000000.0,ms,1210.52408218,2021-02-13 17:44:41.625594-06:00
micro,2.0,32768.0,semiring-monitor,once[32768:65536] x > 0.5,1000000000.0,ms,13414.0,2021-02-14 01:38:49.338139-06:00
micro,1.0,64.0,semiring-monitor,once[64:64] x > 0.5,1000000000.0,ms,5994.0,2021-02-13 18:06:25.986748-06:00
micro,2.0,1024.0,lattice-monitor,once[1024:2048] x > 0.5,10000000.0,ms,31973.2940197,2021-02-13 17:49:14.285107-06:00
micro,6.0,16.0,Reelay,{x > 0.0} since[16:32] {x > 0.5},10000000.0,ms,12315.0,2021-02-13 18:00:36.495302-06:00
micro,4.0,64.0,Reelay,{x > 0.0} since[0:64] {x > 0.5},10000000.0,ms,9900.0,2021-02-13 17:21:25.428218-06:00
micro,3.0,1024.0,Reelay,once[1024:] {x > 0.5},10000000.0,ms,1982.0,2021-02-13 17:50:33.488541-06:00
micro,5.0,32.0,Reelay,{x > 0.0} since[32:32] {x > 0.5},10000000.0,ms,16034.0,2021-02-13 17:17:43.602595-06:00
micro,7.0,16384.0,Reelay,{x > 0.0} since[16384:] {x > 0.5},10000000.0,ms,9917.0,2021-02-13 22:38:49.144141-06:00
micro,0.0,16384.0,Reelay,once[0:16384] {x > 0.5},10000000.0,ms,3444.0,2021-02-13 19:58:42.168623-06:00
micro,1.0,4096.0,lattice-monitor,once[4096:4096] x > 0.5,10000000.0,ms,189698.210001,2021-02-13 18:42:01.141164-06:00
micro,5.0,2048.0,lattice-monitor,x > 0 since[2048:2048] x > 0.5,10000000.0,ms,74420.1519489,2021-02-13 18:35:49.969060-06:00
micro,6.0,1024.0,Reelay,{x > 0.0} since[1024:2048] {x > 0.5},10000000.0,ms,12386.0,2021-02-13 18:28:28.444952-06:00
micro,2.0,32.0,lattice-monitor,once[32:64] x > 0.5,10000000.0,ms,2260.07294655,2021-02-13 18:02:43.577853-06:00
micro,0.0,16.0,lattice-monitor,once[0:16] x > 0.5,10000000.0,ms,1114.26401138,2021-02-13 17:58:24.226635-06:00
micro,5.0,128.0,semiring-monitor,x > 0.5 since[128:128] x > 0,1000000000.0,ms,22594.0,2021-02-13 17:27:42.637286-06:00
micro,6.0,64.0,lattice-monitor,x > 0 since[64:128] x > 0.5,10000000.0,ms,6000.26321411,2021-02-13 18:08:15.042923-06:00
micro,7.0,32.0,Reelay,{x > 0.0} since[32:] {x > 0.5},10000000.0,ms,10007.0,2021-02-13 18:05:22.541467-06:00
micro,1.0,16.0,lattice-monitor,once[16:16] x > 0.5,10000000.0,ms,770.066976547,2021-02-13 17:11:54.990791-06:00
micro,4.0,4096.0,Reelay,{x > 0.0} since[0:4096] {x > 0.5},10000000.0,ms,9451.0,2021-02-13 18:51:46.713616-06:00
micro,3.0,1024.0,Reelay,once[1024:] {x > 0.5},10000000.0,ms,2052.0,2021-02-13 18:25:59.218605-06:00
micro,0.0,256.0,semiring-monitor,once[0:256] x > 0.5,1000000000.0,ms,14078.0,2021-02-13 17:30:02.136909-06:00
micro,3.0,512.0,semiring-monitor,once[512:] x > 0.5,1000000000.0,ms,8806.0,2021-02-13 17:39:15.776742-06:00
micro,0.0,256.0,Reelay,once[0:256] {x > 0.5},10000000.0,ms,3716.0,2021-02-13 17:29:58.409861-06:00
micro,7.0,32.0,semiring-monitor,x > 0.5 since[32:] x > 0,1000000000.0,ms,34337.0,2021-02-13 17:19:32.758535-06:00
micro,7.0,64.0,Reelay,{x > 0.0} since[64:] {x > 0.5},10000000.0,ms,10037.0,2021-02-13 17:23:58.639255-06:00
micro,0.0,32.0,semiring-monitor,once[0:32] x > 0.5,1000000000.0,ms,14074.0,2021-02-13 17:15:53.379893-06:00
micro,3.0,2048.0,lattice-monitor,once[2048:] x > 0.5,10000000.0,ms,68719.5849419,2021-02-13 18:33:44.019667-06:00
micro,0.0,512.0,semiring-monitor,once[0:512] x > 0.5,1000000000.0,ms,13638.0,2021-02-13 18:18:38.791126-06:00
micro,4.0,256.0,lattice-monitor,x > 0 since[0:256] x > 0.5,10000000.0,ms,2522.30000496,2021-02-13 17:32:04.316226-06:00
micro,2.0,256.0,lattice-monitor,once[256:512] x > 0.5,10000000.0,ms,8181.0939312,2021-02-13 18:14:38.423815-06:00
micro,1.0,256.0,lattice-monitor,once[256:256] x > 0.5,10000000.0,ms,7257.38596916,2021-02-13 17:30:16.217698-06:00
micro,0.0,128.0,semiring-monitor,once[0:128] x > 0.5,1000000000.0,ms,14091.0,2021-02-13 17:24:47.624972-06:00
micro,3.0,32.0,semiring-monitor,once[32:] x > 0.5,1000000000.0,ms,8735.0,2021-02-13 18:03:06.831771-06:00
micro,2.0,128.0,semiring-monitor,once[128:256] x > 0.5,1000000000.0,ms,14395.0,2021-02-13 17:25:45.908139-06:00
micro,2.0,128.0,semiring-monitor,once[128:256] x > 0.5,1000000000.0,ms,14185.0,2021-02-13 18:10:36.165678-06:00
micro,0.0,32.0,lattice-monitor,once[0:32] x > 0.5,10000000.0,ms,1134.97400284,2021-02-13 18:02:17.074564-06:00
micro,2.0,128.0,lattice-monitor,once[128:256] x > 0.5,10000000.0,ms,4756.57010078,2021-02-13 18:10:27.795630-06:00
micro,4.0,64.0,semiring-monitor,x > 0.5 since[0:64] x > 0,1000000000.0,ms,31546.0,2021-02-13 18:07:17.107967-06:00
micro,4.0,64.0,semiring-monitor,x > 0.5 since[0:64] x > 0,1000000000.0,ms,32779.0,2021-02-13 17:21:35.338409-06:00
micro,0.0,128.0,lattice-monitor,once[0:128] x > 0.5,10000000.0,ms,1147.35603333,2021-02-13 17:24:42.844042-06:00
micro,3.0,256.0,Reelay,once[256:] {x > 0.5},10000000.0,ms,1931.0,2021-02-13 18:15:11.109941-06:00
micro,7.0,32.0,lattice-monitor,x > 0 since[32:] x > 0.5,10000000.0,ms,3451.22599602,2021-02-13 18:05:19.087905-06:00
micro,3.0,64.0,semiring-monitor,once[64:] x > 0.5,1000000000.0,ms,8780.0,2021-02-13 18:06:56.414818-06:00
micro,2.0,32.0,Reelay,once[32:64] {x > 0.5},10000000.0,ms,3593.0,2021-02-13 17:16:25.305462-06:00
micro,4.0,256.0,lattice-monitor,x > 0 since[0:256] x > 0.5,10000000.0,ms,2427.50811577,2021-02-13 18:15:21.803539-06:00
micro,0.0,2048.0,lattice-monitor,once[0:2048] x > 0.5,10000000.0,ms,1447.95417786,2021-02-13 18:30:40.019289-06:00
micro,4.0,128.0,lattice-monitor,x > 0 since[0:128] x > 0.5,10000000.0,ms,2421.38695717,2021-02-13 18:11:05.106681-06:00
micro,5.0,64.0,lattice-monitor,x > 0 since[64:64] x > 0.5,10000000.0,ms,5493.84999275,2021-02-13 17:22:08.119932-06:00
micro,4.0,1024.0,semiring-monitor,x > 0.5 since[0:1024] x > 0,1000000000.0,ms,32682.0,2021-02-13 18:26:23.170451-06:00
micro,5.0,32.0,semiring-monitor,x > 0.5 since[32:32] x > 0,1000000000.0,ms,20945.0,2021-02-13 18:04:03.572281-06:00
micro,2.0,512.0,Reelay,once[512:1024] {x > 0.5},10000000.0,ms,3451.0,2021-02-13 18:19:27.136465-06:00
micro,4.0,16384.0,Reelay,{x > 0.0} since[0:16384] {x > 0.5},10000000.0,ms,9453.0,2021-02-13 21:18:23.881564-06:00
micro,3.0,4096.0,semiring-monitor,once[4096:] x > 0.5,1000000000.0,ms,8688.0,2021-02-13 18:51:35.098850-06:00
micro,3.0,4096.0,lattice-monitor,once[4096:] x > 0.5,10000000.0,ms,168729.498148,2021-02-13 18:48:44.431393-06:00
micro,5.0,4096.0,lattice-monitor,x > 0 since[4096:4096] x > 0.5,10000000.0,ms,179576.155186,2021-02-13 18:52:27.248898-06:00
micro,0.0,8192.0,semiring-monitor,once[0:8192] x > 0.5,1000000000.0,ms,14151.0,2021-02-13 19:03:24.385724-06:00
micro,6.0,1024.0,lattice-monitor,x > 0 since[1024:2048] x > 0.5,10000000.0,ms,35150.4070759,2021-02-13 18:27:53.292152-06:00
micro,6.0,64.0,Reelay,{x > 0.0} since[64:128] {x > 0.5},10000000.0,ms,11927.0,2021-02-13 17:23:04.324425-06:00
micro,2.0,32.0,semiring-monitor,once[32:64] x > 0.5,1000000000.0,ms,13940.0,2021-02-13 17:16:28.908900-06:00
micro,1.0,64.0,Reelay,once[64:64] {x > 0.5},10000000.0,ms,14048.0,2021-02-13 17:20:28.057970-06:00
micro,6.0,8192.0,semiring-monitor,x > 0.5 since[8192:16384] x > 0,1000000000.0,ms,40286.0,2021-02-13 19:48:35.907138-06:00
micro,6.0,16384.0,semiring-monitor,x > 0.5 since[16384:32768] x > 0,1000000000.0,ms,37934.0,2021-02-13 22:11:33.687715-06:00
micro,4.0,1024.0,semiring-monitor,x > 0.5 since[0:1024] x > 0,1000000000.0,ms,31768.0,2021-02-13 17:50:57.030973-06:00
micro,6.0,8192.0,Reelay,{x > 0.0} since[8192:16384] {x > 0.5},10000000.0,ms,12396.0,2021-02-13 19:48:23.500961-06:00
micro,1.0,16.0,lattice-monitor,once[16:16] x > 0.5,10000000.0,ms,773.868083954,2021-02-13 17:58:42.689097-06:00
micro,2.0,8192.0,semiring-monitor,once[8192:16384] x > 0.5,1000000000.0,ms,14171.0,2021-02-13 19:20:55.881796-06:00
micro,4.0,256.0,Reelay,{x > 0.0} since[0:256] {x > 0.5},10000000.0,ms,10180.0,2021-02-13 17:32:06.840800-06:00
micro,4.0,512.0,semiring-monitor,x > 0.5 since[0:512] x > 0,1000000000.0,ms,31362.0,2021-02-13 17:39:36.658332-06:00
micro,5.0,256.0,lattice-monitor,x > 0 since[256:256] x > 0.5,10000000.0,ms,11216.3388729,2021-02-13 17:32:49.729692-06:00
micro,0.0,64.0,semiring-monitor,once[0:64] x > 0.5,1000000000.0,ms,13605.0,2021-02-13 18:06:10.345615-06:00
micro,0.0,16.0,Reelay,once[0:16] {x > 0.5},10000000.0,ms,3486.0,2021-02-13 17:58:25.343361-06:00
micro,1.0,4096.0,semiring-monitor,once[4096:4096] x > 0.5,1000000000.0,ms,6551.0,2021-02-13 18:45:10.841784-06:00
micro,0.0,32.0,semiring-monitor,once[0:32] x > 0.5,1000000000.0,ms,14251.0,2021-02-13 18:02:21.841311-06:00
micro,0.0,2048.0,semiring-monitor,once[0:2048] x > 0.5,1000000000.0,ms,14218.0,2021-02-13 18:30:45.141293-06:00
micro,4.0,4096.0,lattice-monitor,x > 0 since[0:4096] x > 0.5,10000000.0,ms,2922.04093933,2021-02-13 18:51:43.789050-06:00
micro,6.0,512.0,lattice-monitor,x > 0 since[512:1024] x > 0.5,10000000.0,ms,19637.8388405,2021-02-13 18:21:31.623150-06:00
micro,3.0,256.0,semiring-monitor,once[256:] x > 0.5,1000000000.0,ms,8750.0,2021-02-13 18:15:13.051427-06:00
micro,3.0,64.0,Reelay,once[64:] {x > 0.5},10000000.0,ms,1922.0,2021-02-13 18:06:54.482924-06:00
micro,2.0,1024.0,lattice-monitor,once[1024:2048] x > 0.5,10000000.0,ms,31957.0260048,2021-02-13 18:24:38.335151-06:00
micro,4.0,64.0,Reelay,{x > 0.0} since[0:64] {x > 0.5},10000000.0,ms,9513.0,2021-02-13 18:07:07.585019-06:00
micro,7.0,256.0,lattice-monitor,x > 0 since[256:] x > 0.5,10000000.0,ms,10297.5730896,2021-02-13 18:17:39.683997-06:00
micro,0.0,8192.0,lattice-monitor,once[0:8192] x > 0.5,10000000.0,ms,1908.07390213,2021-02-13 19:03:18.762945-06:00
micro,7.0,4096.0,semiring-monitor,x > 0.5 since[4096:] x > 0,1000000000.0,ms,34009.0,2021-02-13 19:02:44.751329-06:00
micro,6.0,128.0,Reelay,{x > 0.0} since[128:256] {x > 0.5},10000000.0,ms,12208.0,2021-02-13 17:28:13.571536-06:00
micro,4.0,512.0,Reelay,{x > 0.0} since[0:512] {x > 0.5},10000000.0,ms,9548.0,2021-02-13 17:39:27.100525-06:00
micro,2.0,2048.0,lattice-monitor,once[2048:4096] x > 0.5,10000000.0,ms,72043.3959961,2021-02-13 18:32:14.234177-06:00
micro,3.0,16.0,Reelay,once[16:] {x > 0.5},10000000.0,ms,2113.0,2021-02-13 17:12:27.771465-06:00
micro,7.0,512.0,Reelay,{x > 0.0} since[512:] {x > 0.5},10000000.0,ms,10185.0,2021-02-13 18:22:58.126428-06:00
micro,0.0,256.0,semiring-monitor,once[0:256] x > 0.5,1000000000.0,ms,13510.0,2021-02-13 18:14:11.901489-06:00
micro,0.0,64.0,lattice-monitor,once[0:64] x > 0.5,10000000.0,ms,1062.38603592,2021-02-13 18:06:05.579565-06:00
micro,0.0,16384.0,lattice-monitor,once[0:16384] x > 0.5,10000000.0,ms,1892.17686653,2021-02-13 19:58:40.273463-06:00
micro,0.0,64.0,semiring-monitor,once[0:64] x > 0.5,1000000000.0,ms,14079.0,2021-02-13 17:20:11.826591-06:00
micro,7.0,512.0,lattice-monitor,x > 0 since[512:] x > 0.5,10000000.0,ms,16869.0919876,2021-02-13 17:43:41.783308-06:00
micro,0.0,1024.0,semiring-monitor,once[0:1024] x > 0.5,1000000000.0,ms,13526.0,2021-02-13 17:44:46.311788-06:00
micro,3.0,32768.0,,,,,,2021-02-14 01:39:02.755211-06:00
micro,2.0,16.0,Reelay,once[16:32] {x > 0.5},10000000.0,ms,3508.0,2021-02-13 17:58:51.290242-06:00
micro,4.0,256.0,semiring-monitor,x > 0.5 since[0:256] x > 0,1000000000.0,ms,31461.0,2021-02-13 18:15:33.850707-06:00
micro,2.0,64.0,lattice-monitor,once[64:128] x > 0.5,10000000.0,ms,3063.6920929,2021-02-13 17:20:48.459454-06:00
micro,0.0,16.0,semiring-monitor,once[0:16] x > 0.5,1000000000.0,ms,13847.0,2021-02-13 17:58:28.839183-06:00
micro,7.0,1024.0,Reelay,{x > 0.0} since[1024:] {x > 0.5},10000000.0,ms,10411.0,2021-02-13 17:57:56.199845-06:00
micro,3.0,16.0,Reelay,once[16:] {x > 0.5},10000000.0,ms,1943.0,2021-02-13 17:59:10.039792-06:00
micro,1.0,512.0,semiring-monitor,once[512:512] x > 0.5,1000000000.0,ms,6065.0,2021-02-13 18:19:06.302212-06:00
micro,5.0,64.0,semiring-monitor,x > 0.5 since[64:64] x > 0,1000000000.0,ms,21038.0,2021-02-13 18:07:54.001820-06:00
micro,6.0,8192.0,lattice-monitor,x > 0 since[8192:16384] x > 0.5,10000000.0,ms,518925.014019,2021-02-13 19:39:44.572395-06:00
micro,5.0,512.0,lattice-monitor,x > 0 since[512:512] x > 0.5,10000000.0,ms,17776.0407925,2021-02-13 17:40:08.023098-06:00
micro,3.0,64.0,semiring-monitor,once[64:] x > 0.5,1000000000.0,ms,9082.0,2021-02-13 17:21:13.848688-06:00
micro,6.0,1024.0,semiring-monitor,x > 0.5 since[1024:2048] x > 0,1000000000.0,ms,40453.0,2021-02-13 18:28:40.842130-06:00
micro,5.0,1024.0,Reelay,{x > 0.0} since[1024:1024] {x > 0.5},10000000.0,ms,214517.0,2021-02-13 17:52:02.385823-06:00
micro,4.0,4096.0,semiring-monitor,x > 0.5 since[0:4096] x > 0,1000000000.0,ms,31072.0,2021-02-13 18:51:56.174611-06:00
micro,2.0,512.0,Reelay,once[512:1024] {x > 0.5},10000000.0,ms,3484.0,2021-02-13 17:38:42.756369-06:00
micro,0.0,16.0,lattice-monitor,once[0:16] x > 0.5,10000000.0,ms,1108.60514641,2021-02-13 17:11:36.737773-06:00
micro,3.0,8192.0,semiring-monitor,once[8192:] x > 0.5,1000000000.0,ms,9351.0,2021-02-13 19:29:40.105594-06:00
micro,0.0,128.0,lattice-monitor,once[0:128] x > 0.5,10000000.0,ms,1080.89280128,2021-02-13 18:09:59.879242-06:00
micro,7.0,512.0,Reelay,{x > 0.0} since[512:] {x > 0.5},10000000.0,ms,10175.0,2021-02-13 17:43:58.654652-06:00
micro,6.0,256.0,lattice-monitor,x > 0 since[256:512] x > 0.5,10000000.0,ms,11942.8768158,2021-02-13 18:16:37.070343-06:00
micro,6.0,512.0,semiring-monitor,x > 0.5 since[512:1024] x > 0,1000000000.0,ms,38434.0,2021-02-13 17:43:03.346572-06:00
micro,5.0,256.0,semiring-monitor,x > 0.5 since[256:256] x > 0,1000000000.0,ms,20987.0,2021-02-13 18:16:16.080979-06:00
micro,1.0,2048.0,lattice-monitor,once[2048:2048] x > 0.5,10000000.0,ms,68692.5849915,2021-02-13 18:30:59.361729-06:00
